Case 1: ABCDE
Case 2: FFFFF
Case 3: FGHIJ
Case 4: KLMNO
Case 5: PQRST
Case 6: UVWXY
Case 7: ZBKTO
Case 8: PAPER
Case 9: CHEST
Case 10: MUSIC
Case 11: CODES
Case 12: VESTS
Case 13: DOGGY
Case 14: KITTY
Case 15: CASEY
Case 16: BYTES
Case 17: CYSTS
Case 18: KNEES
Case 19: FOOTS
Case 20: HANDS
Case 21: TOESS
Case 22: HOBBI
Case 23: TSSES
Case 24: CORNE
Case 25: CORNS
Case 26: ELBOW
Case 27: NOSES
Case 28: THELA
Case 29: ZYDOG
Case 30: JUMPE
Case 31: DOVER
Case 32: THEBR
Case 33: OWNFO
Case 34: QUICK
Case 35: LYZZZ
Case 36: CONNO
Case 37: HELLO
Case 38: BYEBY
Case 39: GOODS
Case 40: CANDY
Case 41: PUMPK
Case 42: INPIE
Case 43: HAPPY
Case 44: BIRTH
Case 45: DAYSS
Case 46: MARCH
Case 47: APRIL
Case 48: FRIDA
Case 49: CREAM
Case 50: PHONE
Case 51: LINUX
Case 52: MACOS
Case 53: MAPTO
Case 54: LAPTO
Case 55: GRASP
Case 56: JAVAC
Case 57: CCPPP
Case 58: GNATS
Case 59: FLIES
Case 60: HARRY
Case 61: HAIRY
Case 62: DIRTY
Case 63: SHIRT
Case 64: SHORT
Case 65: COURT
Case 66: MORTE
Case 67: PITCH
Case 68: CATCH
Case 69: BALLS
Case 70: TIMER
Case 71: NIGHT
Case 72: DAYSS
Case 73: RINGS
Case 74: LORDS
Case 75: OFTHE
Case 76: ZEROS
Case 77: HSPCC
Case 78: UOFVA
Case 79: WAHOO
Case 80: HOOSS
Case 81: LAWNS
Case 82: RICES
Case 83: BAGEL
Case 84: CHEES
Case 85: SOCKS
Case 86: CARDS
Case 87: DOLLS
Case 88: CLOCK
Case 89: SEVEN
Case 90: EIGHT
Case 91: NINES
Case 92: TENSS
Case 93: ONESS
Case 94: TWOOS
Case 95: THREE
Case 96: FOURS
Case 97: FIVES
Case 98: SIXES
Case 99: MINUS
Case 100: TIMES
Case 101: RUNSS
Case 102: BIKES
Case 103: WALKS
Case 104: JENGA
Case 105: GRADE
Case 106: CLASS
Case 107: HOMES
Case 108: WORKS
Case 109: CELLP
Case 110: IPHON
Case 111: SHELF
Case 112: GLOBE
Case 113: EARTH
Case 114: MOONS
Case 115: MARSS
Case 116: VENUS
Case 117: PLUTO
Case 118: STARS
Case 119: SUNSS
Case 120: DAYLI
Case 121: GHTSA
Case 122: VINGS
Case 123: LONDO
Case 124: PLANE
Case 125: TRAIN
Case 126: SEDAN
Case 127: TRUCK
Case 128: TEACH
Case 129: ZOOMS
Case 130: HASHS
Case 131: TREES
Case 132: LISTS
Case 133: ARRAY
Case 134: QUEUE
Case 135: STACK
Case 136: BOARD
Case 137: CAFFE
Case 138: INESS
Case 139: WRIST
Case 140: THEBI
Case 141: GBANG
Case 142: THEOR
Case 143: YBANG
Case 144: FRIEN
Case 145: DSROS
Case 146: SRACH
Case 147: ELMON
Case 148: ICAPH
Case 149: OEBEJ
Case 150: OEYCH
Case 151: ANDLE
Case 152: RGUNT
Case 153: HERCO
Case 154: FFEES
Case 155: SHELD
Case 156: ONLEO
Case 157: NARDP
Case 158: ENNYR
Case 159: AJHOW
Case 160: ARDAM
Case 161: YBERN
Case 162: ADETT
Case 163: WHITE
Case 164: BLACK
Case 165: BLUES
Case 166: GREEN
Case 167: PURPL
Case 168: PINKS
Case 169: REDSS
Case 170: ORANG
Case 171: YELLO
Case 172: VIOLE
Case 173: WATER
Case 174: GASES
Case 175: SOLID
Case 176: CHEMS
Case 177: FRAME
Case 178: PICTU
Case 179: CAMER
Case 180: IPADS
Case 181: CALCU
Case 182: LATER
Case 183: PAPER
Case 184: ROCKS
Case 185: SCISS
Case 186: ORSLI
Case 187: ZARDS
Case 188: OCKSS
Case 189: COLOR
Case 190: PILLO
Case 191: BLANK
Case 192: ETSWS
Case 193: VIRTU
Case 194: ALBOX
Case 195: FIREF
Case 196: OXGOO
Case 197: GLECH
Case 198: ROMEI
Case 199: NTERN
Case 200: ETEXP
Case 201: ORERS
Case 202: AFARI
Case 203: DOGGS
Case 204: CATTS
Case 205: JEWEL
Case 206: RUBYY
Case 207: WINST
Case 208: ONSNI
Case 209: CKERS
Case 210: GEORD
Case 211: IECHE
Case 212: WEYPE
Case 213: PSIST
Case 214: EVENI
Case 215: BBLES
Case 216: PUGGS
Case 217: GOLDE
Case 218: NRETR
Case 219: IEVER
Case 220: DONES
Case 221: LAPTO
Case 222: OFTEN
Case 223: HEADP
Case 224: HONES
Case 225: SPRIN
Case 226: GBREA
Case 227: KYAYY
Case 228: TESTS
Case 229: TEXTS
Case 230: BESTS
Case 231: VESTS
Case 232: CATTS
Case 233: WALLE
Case 234: TCARD
Case 235: MONEY
Case 236: DOLLA
Case 237: DOLLA
Case 238: BILLS
Case 239: MORSE
Case 240: HUNDR
Case 241: EDTHO
Case 242: USAND
Case 243: MILLI
Case 244: ONBAJ
Case 245: ILLIO
Case 246: NLOTS
Case 247: ALOTS
Case 248: RIVER
Case 249: LAKES
Case 250: PATHS
Case 251: SKIES
Case 252: SUNNS
Case 253: CLOUD
Case 254: SNOWS
Case 255: SNOWM
Case 256: ANSNO
Case 257: WBALL
Case 258: FIGHT
Case 259: COBAL
Case 260: TIRON
Case 261: FINGE
Case 262: RSTOE
Case 263: THUMB
Case 264: RINGS
Case 265: BRACE
Case 266: LETJE
Case 267: WELRY
Case 268: FIVEL
Case 269: ETTER
Case 270: WORDS
Case 271: AREHA
Case 272: RDTOT
Case 273: HINKO
Case 274: FBOOO
Case 275: KARAO
Case 276: KEPAR
Case 277: TYFUN
Case 278: SPRIN
Case 279: GBREA
Case 280: KIMSU
Case 281: RETHE
Case 282: REARE
Case 283: REPEA
Case 284: TEDWO
Case 285: RDSOH
Case 286: WELLL
Case 287: AAAAA
Case 288: BBBBB
Case 289: CCCCC
Case 290: DDDDD
Case 291: EEEEE
Case 292: GGGGG
Case 293: HHHHH
Case 294: IIIII
Case 295: KKKKK
Case 296: JJJJJ
Case 297: LLLLL
Case 298: MMMMM
Case 299: NNNNN
Case 300: OOOOO
Case 301: PPPPP
Case 302: QQQQQ
Case 303: RRRRR
Case 304: SSSSS
Case 305: TTTTT
Case 306: UUUUU
Case 307: VVVVV
Case 308: WWWWW
Case 309: XXXXX
Case 310: YYYYY
Case 311: ZZZZZ
Case 312: VJBCB
Case 313: GPUCN
Case 314: CJRWE
Case 315: WEYXF
Case 316: KAHYW
Case 317: BXHOQ
Case 318: VQUAJ
Case 319: ELWZB
Case 320: CKFBE
Case 321: GYAMP
Case 322: HNQRD
Case 323: MTPFU
Case 324: SLLAN
Case 325: EQXVC
Case 326: MWRLR
Case 327: WREAH
Case 328: CKCIA
Case 329: UJAJC
Case 330: MZMYF
Case 331: PLBVE
Case 332: SRUPD
Case 333: XEOUT
Case 334: IRAPW
Case 335: GGRHY
Case 336: OQGZF
Case 337: ZNDWG
Case 338: FOCEG
Case 339: NUXBL
Case 340: TELVH
Case 341: THUVB
Case 342: GZBRZ
Case 343: BAVDE
Case 344: YHAUD
Case 345: KPFUJ
Case 346: VBPXV
Case 347: WQHNX
Case 348: LWZJE
Case 349: BJYTI
Case 350: GPEKH
Case 351: ZURQZ
Case 352: HZTXV
Case 353: MQFML
Case 354: WJDEA
Case 355: VOCLC
Case 356: FFSXZ
Case 357: KFOXK
Case 358: OYYLC
Case 359: HELOT
Case 360: FFNYD
Case 361: PNHGF
Case 362: JIRTP
Case 363: FPANZ
Case 364: PFDXM
Case 365: HGVSR
Case 366: BHQYP
Case 367: WRSZL
Case 368: ZGKWK
Case 369: KAGCJ
Case 370: CCMVI
Case 371: ATIFU
Case 372: HRQFS
Case 373: SOWDU
Case 374: VVSXU
Case 375: GWFDN
Case 376: WUBMS
Case 377: SGAUA
Case 378: KXZMS
Case 379: LQOQE
Case 380: JBOAK
Case 381: KIWRW
Case 382: LADQU
Case 383: HWOBK
Case 384: JPSLX
Case 385: KGLZB
Case 386: VTOTS
Case 387: DGLZQ
Case 388: IMIAX
Case 389: SNZJG
Case 390: OJNTP
Case 391: ILLEY
Case 392: DITYV
Case 393: SQOSI
Case 394: STQHV
Case 395: YBTAU
Case 396: TCPEP
Case 397: GSVMT
Case 398: QHGCF
Case 399: KRFWV
Case 400: GLOWX
Case 401: XQVQB
Case 402: JYQBY
Case 403: UIHRD
Case 404: YCUMZ
Case 405: BMZEW
Case 406: PBCYD
Case 407: OAKMU
Case 408: NOJNS
Case 409: ONULN
Case 410: AOUEO
Case 411: NXKKC
Case 412: PCFHF
Case 413: TEYXH
Case 414: PVJCV
Case 415: HYIQJ
Case 416: CUKSY
Case 417: OXMZZ
Case 418: HKMMO
Case 419: GUNMK
Case 420: HXNZN
Case 421: WIYEM
Case 422: OTZVF
Case 423: XQIFM
Case 424: DBFQR
Case 425: QWGOI
Case 426: AZRXD
Case 427: JQDEQ
Case 428: VDMTK
Case 429: KIECR
Case 430: XLOZR
Case 431: LTEMQ
Case 432: TGFOL
Case 433: IYYBK
Case 434: ONZTN
Case 435: TUPAZ
Case 436: HYLHO
Case 437: OJZNA
Case 438: KBCHS
Case 439: QLJQI
Case 440: WLYVO
Case 441: JBQHJ
Case 442: GSCUK
Case 443: LKFJK
Case 444: EAJFF
Case 445: MGDOB
Case 446: TOWXW
Case 447: CYNMF
Case 448: TIFEL
Case 449: TZJWU
Case 450: DPHOA
Case 451: BZORO
Case 452: UMZUA
Case 453: AXKTS
Case 454: VZWWA
Case 455: EEUMP
Case 456: EEMLE
Case 457: RJRMJ
Case 458: KIJBD
Case 459: LZSQJ
Case 460: SDATQ
Case 461: JWSQK
Case 462: MVLUC
Case 463: YQIQD
Case 464: BABPJ
Case 465: FYICR
Case 466: KVCKF
Case 467: UAWBF
Case 468: XVTIZ
Case 469: NSVTA
Case 470: AXMYJ
Case 471: YFAQM
Case 472: JZTGE
Case 473: ZIJVU
Case 474: QXAKU
Case 475: TEVMP
Case 476: EJCBS
Case 477: IENRO
Case 478: EMZVL
Case 479: ZAGZD
Case 480: YDEVQ
Case 481: KMVHD
Case 482: LHJGG
Case 483: ILXZO
Case 484: HAJDT
Case 485: KUFJM
Case 486: KCVNS
Case 487: QWXAU
Case 488: XHIBH
Case 489: GIULU
Case 490: KBOML
Case 491: CBJVP
Case 492: FMCTA
Case 493: AAWJD
Case 494: YNITV
Case 495: NKURK
Case 496: PQFIS
Case 497: QZZAD
Case 498: GUYYD
Case 499: IEXDR
Case 500: NUSMH
Case 501: KPVRH
Case 502: LCPGL
Case 503: PVVSS
Case 504: USGQL
Case 505: RELGO
Case 506: BHGUH
Case 507: JZDBO
Case 508: AZUYT
Case 509: APAWP
Case 510: BZETS
Case 511: ZXKMA
Case 512: VYUGT
Case 513: JBOGJ
Case 514: GBZHX
Case 515: SYCNN
Case 516: EDKBM
Case 517: QRREQ
Case 518: KKZDS
Case 519: PLBZI
Case 520: GWQCQ
Case 521: HXOAK
Case 522: CPFAC
Case 523: YRDZQ
Case 524: GSSNZ
Case 525: AUIOL
Case 526: ZPWBP
Case 527: RPMVZ
Case 528: IDMMN
Case 529: QJLTC
Case 530: GJCJU
Case 531: TQNRG
Case 532: MOTUA
Case 533: GDBRZ
Case 534: MCLLL
Case 535: OXCSX
Case 536: IKCTQ
Case 537: GLORU
Case 538: KZUEK
Case 539: DTFJD
Case 540: FMXCJ
Case 541: JZZWE
Case 542: IAMGO
Case 543: UAXKU
Case 544: IUXDE
Case 545: TWYSE
Case 546: UYGDJ
Case 547: ZRBGM
Case 548: KYXRW
Case 549: TTBCY
Case 550: WWLDI
Case 551: XWAEI
Case 552: YYRNM
Case 553: BROED
Case 554: PRXAT
Case 555: LEJVX
Case 556: GIKNM
Case 557: EXWDS
Case 558: FEWEL
Case 559: BSNQQ
Case 560: PKBGH
Case 561: UAZQJ
Case 562: FIMDX
Case 563: NAFWV
Case 564: HMMFN
Case 565: BNDQE
Case 566: TOVUZ
Case 567: UQYEA
Case 568: WQZWM
Case 569: LEZLB
Case 570: THOFM
Case 571: NXEPH
Case 572: LODYA
Case 573: OTOSN
Case 574: ZDCMQ
Case 575: VJMHM
Case 576: XAZUN
Case 577: GXCBQ
Case 578: SVGXV
Case 579: NGTDP
Case 580: BVIHM
Case 581: EXPHZ
Case 582: PTJTK
Case 583: VSMLZ
Case 584: RLXCJ
Case 585: DHOHT
Case 586: LGDXP
Case 587: FSBCP
Case 588: PXVSD
Case 589: RORJY
Case 590: ODPCB
Case 591: LWEZG
Case 592: QIKRV
Case 593: YFIWU
Case 594: MAYHG
Case 595: GNMTW
Case 596: RGVBE
Case 597: OYFRN
Case 598: NLYXU
Case 599: VBHLS
Case 600: MVXCY
Case 601: MMXVA
Case 602: OOWZE
Case 603: LBEOE
Case 604: OXTQJ
Case 605: SSNXN
Case 606: KIBCW
Case 607: PXJHE
Case 608: IHSHA
Case 609: MSBEG
Case 610: QXOJG
Case 611: DMVAV
Case 612: QQHSO
Case 613: EQJUG
Case 614: PRXTA
Case 615: DUSMV
Case 616: APOAS
Case 617: QFTJU
Case 618: UTFXA
Case 619: RIHPO
Case 620: OQYYQ
Case 621: YPSMN
Case 622: RNZII
Case 623: OTNDH
Case 624: VAHCE
Case 625: JAKBA
Case 626: FPSIZ
Case 627: ASFLB
Case 628: LCCAG
Case 629: EXDOT
Case 630: IPACE
Case 631: PIGCR
Case 632: KZRPX
Case 633: ZLZRV
Case 634: BAOST
Case 635: RWPWT
Case 636: FZEXF
Case 637: ORKCF
Case 638: ZNMVI
Case 639: JFPCV
Case 640: UHSME
Case 641: RWBQR
Case 642: BIYDY
Case 643: ETTLL
Case 644: ASOWP
Case 645: JWADP
Case 646: FKQVK
Case 647: QDNWT
Case 648: ZTWAV
Case 649: UWXOB
Case 650: IRIFZ
Case 651: SPHHH
Case 652: JUEBH
Case 653: JNJCN
Case 654: ZTLRI
Case 655: JZDBC
Case 656: OHLYA
Case 657: ALIBT
Case 658: SEJWE
Case 659: BFIPD
Case 660: FJUNV
Case 661: FVBZW
Case 662: JMLLS
Case 663: NBQPW
Case 664: YMMGM
Case 665: ELLWE
Case 666: GWVEC
Case 667: CHNXM
Case 668: OOWZV
Case 669: PIRSO
Case 670: CEQWU
Case 671: AEJRE
Case 672: JYOLQ
Case 673: PHNAF
Case 674: HDICU
Case 675: MMCSO
Case 676: KVGSR
Case 677: PGURS
Case 678: IPHVJ
Case 679: WZKMQ
Case 680: SGFQD
Case 681: OYUYX
Case 682: SKQIF
Case 683: YMLWK
Case 684: MPUUY
Case 685: PFJNE
Case 686: KSWNA
Case 687: PJBCW
Case 688: EMVWC
Case 689: BHYXZ
Case 690: FRRWI
Case 691: QXPHE
Case 692: XFFXT
Case 693: JXCLJ
Case 694: OHWOZ
Case 695: QGTFA
Case 696: VGYMY
Case 697: CMXKK
Case 698: SYCWP
Case 699: OCLBF
Case 700: BAKZL
Case 701: IIJAP
Case 702: HYRXJ
Case 703: BHLPN
Case 704: OUYDK
Case 705: UIVRX
Case 706: ZTZLO
Case 707: IXYIW
Case 708: QODAK
Case 709: CNETF
Case 710: TFIMP
Case 711: XJZUS
Case 712: LSZNQ
Case 713: TFEJG
Case 714: GHZMD
Case 715: XKOHD
Case 716: HMTLC
Case 717: UNZHJ
Case 718: YDQHC
Case 719: MTFSM
Case 720: HOVZZ
Case 721: VXFGP
Case 722: UNHAQ
Case 723: HGYXA
Case 724: PIPJJ
Case 725: JCJCP
Case 726: KATYW
Case 727: KILEN
Case 728: TXFLW
Case 729: JDDCY
Case 730: XCBAN
Case 731: TIESP
Case 732: XCWHX
Case 733: STYLT
Case 734: QWJCP
Case 735: BTIQA
Case 736: DSIMG
Case 737: CMNRS
Case 738: KFZGM
Case 739: UXXOQ
Case 740: PXKCZ
Case 741: SGEJN
Case 742: CPKHR
Case 743: QPTVD
Case 744: OLBIN
Case 745: HAPWM
Case 746: TTPON
Case 747: TKPWI
Case 748: WKQDF
Case 749: OKMHV
Case 750: YNFEA
Case 751: OYRTY
Case 752: EHCLF
Case 753: SPDWG
Case 754: OUYJY
Case 755: BZTKV
Case 756: UIIVA
Case 757: CNCAU
Case 758: NGESU
Case 759: FHPDN
Case 760: DSNGK
Case 761: BFLNW
Case 762: SIEEO
Case 763: KKFCL
Case 764: JBKJT
Case 765: BVBAF
Case 766: MTHKK
Case 767: GGGFU
Case 768: JTPIF
Case 769: DBVZA
Case 770: PAAEF
Case 771: CMVNG
Case 772: EYPAJ
Case 773: NSLZM
Case 774: SJNTW
Case 775: EGZHJ
Case 776: CHCPG
Case 777: QSWBR
Case 778: RBCEV
Case 779: YULLM
Case 780: BJWGK
Case 781: JDSTD
Case 782: DVRDH
Case 783: GXPQT
Case 784: QVIEK
Case 785: OTVLM
Case 786: CSSBK
Case 787: HYPXD
Case 788: QDODB
Case 789: QZFPT
Case 790: FQTAM
Case 791: SJKTF
Case 792: KYUTX
Case 793: SIPAA
Case 794: FWHUO
Case 795: VIDZM
Case 796: NSBVI
Case 797: CMGGC
Case 798: FQVHV
Case 799: LSMRZ
Case 800: FKFYQ
Case 801: IIHSI
Case 802: FBFOW
Case 803: PCLBK
Case 804: DBRSB
Case 805: TFDSU
Case 806: TBRPM
Case 807: KKXPM
Case 808: MIWEU
Case 809: NUIXH
Case 810: KCVUP
Case 811: MZYTB
Case 812: XMFZH
Case 813: KWDRG
Case 814: KWUCC
Case 815: ZHCAS
Case 816: UNLYY
Case 817: HSWPX
Case 818: FZPTC
Case 819: IECKY
Case 820: VQXMY
Case 821: VVEJH
Case 822: HEVKR
Case 823: YQLQM
Case 824: XLRGR
Case 825: UCBFY
Case 826: QQPEO
Case 827: NYFVJ
Case 828: DDZQO
Case 829: BWFBD
Case 830: PRBMI
Case 831: AHDHB
Case 832: FWFTJ
Case 833: FPWEE
Case 834: XZKMG
Case 835: MLOHF
Case 836: LEMXR
Case 837: WKPLA
Case 838: XPUQJ
Case 839: BTDQD
Case 840: KMQKW
Case 841: BRWTX
Case 842: CFGRA
Case 843: DOKFF
Case 844: CXMFC
Case 845: FEXLD
Case 846: NRCHD
Case 847: FAQUB
Case 848: PVVVQ
Case 849: OPUID
Case 850: VWJQC
Case 851: WGCTD
Case 852: HQQDS
Case 853: BASVT
Case 854: EHDZM
Case 855: WHORQ
Case 856: WQRSF
Case 857: HCJLK
Case 858: SXRSG
Case 859: CTOYX
Case 860: CHQSI
Case 861: JMPDG
Case 862: DGJAJ
Case 863: JZVWS
Case 864: ZTYEZ
Case 865: SCYJL
Case 866: WMPQS
Case 867: OLBEC
Case 868: UIKKD
Case 869: UBRQQ
Case 870: ZHTQP
Case 871: XPIKB
Case 872: XOFDY
Case 873: WITMC
Case 874: JUXFA
Case 875: ZKBUN
Case 876: WKNSZ
Case 877: AKHWT
Case 878: AGHGP
Case 879: DIKVN
Case 880: CTGLU
Case 881: ZLXLE
Case 882: FHTJQ
Case 883: HCZAG
Case 884: LDUMT
Case 885: AKFVQ
Case 886: FKKVO
Case 887: GPICO
Case 888: XJOBJ
Case 889: ROQUZ
Case 890: BDXIF
Case 891: RUHGO
Case 892: PAPOS
Case 893: KXIJA
Case 894: OFOUU
Case 895: NXZKN
Case 896: SAVVO
Case 897: YKWNT
Case 898: UFTMU
Case 899: CPXKC
Case 900: KLHXW
Case 901: QZQAK
Case 902: VYWJS
Case 903: ZOHGW
Case 904: AKVOA
Case 905: SQABZ
Case 906: NOHLE
Case 907: KMYGG
Case 908: FTKNU
Case 909: DQMFG
Case 910: TODNO
Case 911: HBBTA
Case 912: HIKZM
Case 913: ITQIZ
Case 914: JCPTR
Case 915: DMNWH
Case 916: OOUDO
Case 917: FGHUQ
Case 918: LTJZY
Case 919: STLMB
Case 920: HNEVB
Case 921: WAPBB
Case 922: AJFCY
Case 923: CYYZD
Case 924: CLCJG
Case 925: OSMQM
Case 926: CODWZ
Case 927: WJCDC
Case 928: GEEBN
Case 929: ZSTJI
Case 930: SQPZL
Case 931: GFIOM
Case 932: ANQNO
Case 933: OHNVD
Case 934: REKAQ
Case 935: MRZWW
Case 936: FLPMW
Case 937: CMYIN
Case 938: ZNFAK
Case 939: APAPM
Case 940: ZXBQT
Case 941: NKINI
Case 942: FMCAP
Case 943: PYXFI
Case 944: EHKGA
Case 945: FBLEL
Case 946: TRPZL
Case 947: FPPKX
Case 948: KRIHB
Case 949: DHHSZ
Case 950: EIBJT
Case 951: XKSMH
Case 952: CIHZB
Case 953: UGUHY
Case 954: PKYFX
Case 955: VBEWV
Case 956: CENJG
Case 957: LMFAF
Case 958: HEYPE
Case 959: MTLSQ
Case 960: XOQKV
Case 961: HCHUT
Case 962: OIYDH
Case 963: NMLNM
Case 964: FTABT
Case 965: SSCXI
Case 966: RFNBL
Case 967: NYYEL
Case 968: PGBUO
Case 969: LQSWL
Case 970: TBGZK
Case 971: AHLUB
Case 972: PUSTS
Case 973: UHPNA
Case 974: JSTLN
Case 975: NLWYE
Case 976: THTVW
Case 977: TUTDE
Case 978: IZBYO
Case 979: RBNCX
Case 980: DJERY
Case 981: FNMWW
Case 982: JFGBK
Case 983: FTZBW
Case 984: ULVAD
Case 985: VORGG
Case 986: XQYFP
Case 987: SZVHI
Case 988: LLLCQ
Case 989: JIJSQ
Case 990: PYWNN
Case 991: IBWQL
Case 992: ECPPJ
Case 993: ZAYVH
Case 994: NMCDG
Case 995: MFBZJ
Case 996: THQJZ
Case 997: SIWOM
Case 998: JOIVA
Case 999: JXDVG
Case 1000: UWYHC
